<?xml version="1.0" encoding="UTF-8"?>
<!-- Generated by org.testng.reporters.JUnitXMLReporter -->
<testsuite ignored="0" hostname="INBOOK_X2_PLUS" failures="1" tests="1" name="Default test" time="14.7" errors="0" timestamp="21 Aug 2024 06:50:12 GMT">
  <testcase classname="io.cucumber.testng.AbstractTestNGCucumberTests" name="runScenario" time="14.438">
    <failure type="java.lang.NullPointerException" message="Cannot invoke &amp;quot;guru99.Ecommerce.TechPandaWebsite.Automation.pages.CheckOutPage.paymentMethod()&amp;quot; because &amp;quot;this.checkOutPage&amp;quot; is null">
      <![CDATA[java.lang.NullPointerException: Cannot invoke "guru99.Ecommerce.TechPandaWebsite.Automation.pages.CheckOutPage.paymentMethod()" because "this.checkOutPage" is null
	at guru99.Ecommerce.TechPandaWebsite.Automation.stepDefinition.StepDefinition.i_select_payment_method_as_and_continue(StepDefinition.java:326)
	at guru99.Ecommerce.TechPandaWebsite.Automation.stepDefinition.StepDefinition.i_complete_the_billing_and_shipping_information(StepDefinition.java:454)
	at ✽.I complete the billing and shipping information(file:///C:/Users/Omkar%20G/Documents/workspace-spring-tool-suite-4-4.21.0.RELEASE/guru99.Ecommerce.TechPandaWebsite.Automation/src/test/resources/TechPandaWebsiteAutomation.feature:92)
]]>
    </failure>
  </testcase> <!-- runScenario -->
</testsuite> <!-- Default test -->
