<?xml version="1.0" encoding="UTF-8"?>
<!-- Generated by org.testng.reporters.JUnitReportReporter -->
<testsuite hostname="INBOOK_X2_PLUS" failures="0" tests="1" name="guru99.Ecommerce.TechPandaWebsite.Automation.runnerClass.TestNGCucumberRunner" time="14.438" errors="1" timestamp="21 Aug 2024 06:50:12 GMT" skipped="0">
  <testcase classname="guru99.Ecommerce.TechPandaWebsite.Automation.runnerClass.TestNGCucumberRunner" name="runScenario" time="14.438">
    <error message="Cannot invoke &quot;guru99.Ecommerce.TechPandaWebsite.Automation.pages.CheckOutPage.paymentMethod()&quot; because &quot;this.checkOutPage&quot; is null" type="java.lang.NullPointerException">
      <![CDATA[java.lang.NullPointerException: Cannot invoke "guru99.Ecommerce.TechPandaWebsite.Automation.pages.CheckOutPage.paymentMethod()" because "this.checkOutPage" is null
	at guru99.Ecommerce.TechPandaWebsite.Automation.stepDefinition.StepDefinition.i_select_payment_method_as_and_continue(StepDefinition.java:326)
	at guru99.Ecommerce.TechPandaWebsite.Automation.stepDefinition.StepDefinition.i_complete_the_billing_and_shipping_information(StepDefinition.java:454)
	at ✽.I complete the billing and shipping information(file:///C:/Users/Omkar%20G/Documents/workspace-spring-tool-suite-4-4.21.0.RELEASE/guru99.Ecommerce.TechPandaWebsite.Automation/src/test/resources/TechPandaWebsiteAutomation.feature:92)
]]>
    </error>
  </testcase> <!-- runScenario -->
</testsuite> <!-- guru99.Ecommerce.TechPandaWebsite.Automation.runnerClass.TestNGCucumberRunner -->
